{"E:\\KULIAH\\Magang MBKM\\todo\\app.js": {"path":"E:\\KULIAH\\Magang MBKM\\todo\\app.js","statementMap":{"0":{"start":{"line":1,"column":16},"end":{"line":1,"column":34}},"1":{"start":{"line":2,"column":12},"end":{"line":2,"column":21}},"2":{"start":{"line":3,"column":13},"end":{"line":3,"column":17}},"3":{"start":{"line":4,"column":15},"end":{"line":4,"column":49}},"4":{"start":{"line":5,"column":21},"end":{"line":5,"column":46}},"5":{"start":{"line":7,"column":0},"end":{"line":9,"column":3}},"6":{"start":{"line":10,"column":0},"end":{"line":10,"column":23}},"7":{"start":{"line":12,"column":0},"end":{"line":12,"column":15}},"8":{"start":{"line":13,"column":0},"end":{"line":13,"column":21}},"9":{"start":{"line":19,"column":0},"end":{"line":19,"column":20}}},"fnMap":{},"branchMap":{},"s":{"0":2,"1":2,"2":2,"3":2,"4":2,"5":2,"6":2,"7":2,"8":2,"9":2},"f":{},"b":{},"_coverageSchema":"1a1c01bbd47fc00a2c39e90264f33305004495a9","hash":"4f2c4b8582e494f51a51fe5693b0e9e879aa0aeb"}
,"E:\\KULIAH\\Magang MBKM\\todo\\errorHandler.js": {"path":"E:\\KULIAH\\Magang MBKM\\todo\\errorHandler.js","statementMap":{"0":{"start":{"line":1,"column":0},"end":{"line":12,"column":1}},"1":{"start":{"line":2,"column":2},"end":{"line":11,"column":3}},"2":{"start":{"line":3,"column":4},"end":{"line":5,"column":6}},"3":{"start":{"line":7,"column":4},"end":{"line":9,"column":6}},"4":{"start":{"line":10,"column":4},"end":{"line":10,"column":20}}},"fnMap":{"0":{"name":"(anonymous_0)","decl":{"start":{"line":1,"column":17},"end":{"line":1,"column":18}},"loc":{"start":{"line":1,"column":42},"end":{"line":12,"column":1}},"line":1}},"branchMap":{"0":{"loc":{"start":{"line":2,"column":2},"end":{"line":11,"column":3}},"type":"if","locations":[{"start":{"line":2,"column":2},"end":{"line":11,"column":3}},{"start":{"line":6,"column":9},"end":{"line":11,"column":3}}],"line":2}},"s":{"0":2,"1":17,"2":17,"3":0,"4":0},"f":{"0":17},"b":{"0":[17,0]},"_coverageSchema":"1a1c01bbd47fc00a2c39e90264f33305004495a9","hash":"4322177717dbb670ba883330b287535c22842bb8"}
,"E:\\KULIAH\\Magang MBKM\\todo\\config\\config.js": {"path":"E:\\KULIAH\\Magang MBKM\\todo\\config\\config.js","statementMap":{"0":{"start":{"line":1,"column":0},"end":{"line":28,"column":2}}},"fnMap":{},"branchMap":{},"s":{"0":2},"f":{},"b":{},"_coverageSchema":"1a1c01bbd47fc00a2c39e90264f33305004495a9","hash":"aa610d6e7eeb8eb3f2d5aa6cf6d8464e896bf6ca"}
,"E:\\KULIAH\\Magang MBKM\\todo\\controllers\\auth.controller.js": {"path":"E:\\KULIAH\\Magang MBKM\\todo\\controllers\\auth.controller.js","statementMap":{"0":{"start":{"line":3,"column":4},"end":{"line":3,"column":24}},"1":{"start":{"line":4,"column":15},"end":{"line":4,"column":34}},"2":{"start":{"line":5,"column":12},"end":{"line":5,"column":35}},"3":{"start":{"line":9,"column":4},"end":{"line":39,"column":5}},"4":{"start":{"line":10,"column":19},"end":{"line":14,"column":8}},"5":{"start":{"line":16,"column":6},"end":{"line":21,"column":7}},"6":{"start":{"line":17,"column":8},"end":{"line":20,"column":9}},"7":{"start":{"line":22,"column":6},"end":{"line":36,"column":7}},"8":{"start":{"line":23,"column":22},"end":{"line":26,"column":20}},"9":{"start":{"line":28,"column":8},"end":{"line":30,"column":10}},"10":{"start":{"line":32,"column":8},"end":{"line":35,"column":9}},"11":{"start":{"line":38,"column":6},"end":{"line":38,"column":15}},"12":{"start":{"line":42,"column":4},"end":{"line":68,"column":5}},"13":{"start":{"line":43,"column":19},"end":{"line":43,"column":41}},"14":{"start":{"line":44,"column":19},"end":{"line":44,"column":59}},"15":{"start":{"line":46,"column":19},"end":{"line":50,"column":8}},"16":{"start":{"line":52,"column":6},"end":{"line":57,"column":7}},"17":{"start":{"line":53,"column":8},"end":{"line":56,"column":9}},"18":{"start":{"line":59,"column":6},"end":{"line":62,"column":8}},"19":{"start":{"line":63,"column":6},"end":{"line":65,"column":8}},"20":{"start":{"line":67,"column":6},"end":{"line":67,"column":15}},"21":{"start":{"line":71,"column":4},"end":{"line":100,"column":5}},"22":{"start":{"line":72,"column":19},"end":{"line":72,"column":41}},"23":{"start":{"line":73,"column":19},"end":{"line":73,"column":59}},"24":{"start":{"line":75,"column":21},"end":{"line":79,"column":8}},"25":{"start":{"line":80,"column":6},"end":{"line":97,"column":7}},"26":{"start":{"line":81,"column":8},"end":{"line":84,"column":10}},"27":{"start":{"line":86,"column":8},"end":{"line":92,"column":10}},"28":{"start":{"line":93,"column":8},"end":{"line":96,"column":10}},"29":{"start":{"line":99,"column":6},"end":{"line":99,"column":15}},"30":{"start":{"line":103,"column":4},"end":{"line":126,"column":5}},"31":{"start":{"line":104,"column":21},"end":{"line":108,"column":8}},"32":{"start":{"line":109,"column":6},"end":{"line":123,"column":7}},"33":{"start":{"line":110,"column":8},"end":{"line":113,"column":10}},"34":{"start":{"line":115,"column":8},"end":{"line":119,"column":10}},"35":{"start":{"line":120,"column":8},"end":{"line":122,"column":10}},"36":{"start":{"line":125,"column":6},"end":{"line":125,"column":15}},"37":{"start":{"line":130,"column":0},"end":{"line":130,"column":31}}},"fnMap":{"0":{"name":"(anonymous_0)","decl":{"start":{"line":8,"column":2},"end":{"line":8,"column":3}},"loc":{"start":{"line":8,"column":37},"end":{"line":40,"column":3}},"line":8},"1":{"name":"(anonymous_1)","decl":{"start":{"line":41,"column":2},"end":{"line":41,"column":3}},"loc":{"start":{"line":41,"column":40},"end":{"line":69,"column":3}},"line":41},"2":{"name":"(anonymous_2)","decl":{"start":{"line":70,"column":2},"end":{"line":70,"column":3}},"loc":{"start":{"line":70,"column":38},"end":{"line":101,"column":3}},"line":70},"3":{"name":"(anonymous_3)","decl":{"start":{"line":102,"column":2},"end":{"line":102,"column":3}},"loc":{"start":{"line":102,"column":38},"end":{"line":127,"column":3}},"line":102}},"branchMap":{"0":{"loc":{"start":{"line":16,"column":6},"end":{"line":21,"column":7}},"type":"if","locations":[{"start":{"line":16,"column":6},"end":{"line":21,"column":7}},{"start":{},"end":{}}],"line":16},"1":{"loc":{"start":{"line":22,"column":6},"end":{"line":36,"column":7}},"type":"if","locations":[{"start":{"line":22,"column":6},"end":{"line":36,"column":7}},{"start":{"line":31,"column":13},"end":{"line":36,"column":7}}],"line":22},"2":{"loc":{"start":{"line":52,"column":6},"end":{"line":57,"column":7}},"type":"if","locations":[{"start":{"line":52,"column":6},"end":{"line":57,"column":7}},{"start":{},"end":{}}],"line":52},"3":{"loc":{"start":{"line":80,"column":6},"end":{"line":97,"column":7}},"type":"if","locations":[{"start":{"line":80,"column":6},"end":{"line":97,"column":7}},{"start":{"line":85,"column":13},"end":{"line":97,"column":7}}],"line":80},"4":{"loc":{"start":{"line":109,"column":6},"end":{"line":123,"column":7}},"type":"if","locations":[{"start":{"line":109,"column":6},"end":{"line":123,"column":7}},{"start":{"line":114,"column":13},"end":{"line":123,"column":7}}],"line":109}},"s":{"0":2,"1":2,"2":2,"3":3,"4":3,"5":3,"6":2,"7":1,"8":1,"9":1,"10":0,"11":2,"12":2,"13":2,"14":2,"15":2,"16":2,"17":1,"18":1,"19":1,"20":1,"21":2,"22":2,"23":2,"24":2,"25":2,"26":1,"27":1,"28":1,"29":0,"30":1,"31":1,"32":1,"33":0,"34":1,"35":1,"36":0,"37":2},"f":{"0":3,"1":2,"2":2,"3":1},"b":{"0":[2,1],"1":[1,0],"2":[1,1],"3":[1,1],"4":[0,1]},"_coverageSchema":"1a1c01bbd47fc00a2c39e90264f33305004495a9","hash":"5558248ed2ce0e23269b4364d6bccef4b02b8d61"}
,"E:\\KULIAH\\Magang MBKM\\todo\\controllers\\todo.controller.js": {"path":"E:\\KULIAH\\Magang MBKM\\todo\\controllers\\todo.controller.js","statementMap":{"0":{"start":{"line":1,"column":17},"end":{"line":1,"column":37}},"1":{"start":{"line":5,"column":4},"end":{"line":17,"column":5}},"2":{"start":{"line":6,"column":6},"end":{"line":11,"column":8}},"3":{"start":{"line":12,"column":6},"end":{"line":14,"column":8}},"4":{"start":{"line":16,"column":6},"end":{"line":16,"column":15}},"5":{"start":{"line":21,"column":4},"end":{"line":31,"column":5}},"6":{"start":{"line":22,"column":20},"end":{"line":27,"column":8}},"7":{"start":{"line":28,"column":6},"end":{"line":28,"column":33}},"8":{"start":{"line":30,"column":6},"end":{"line":30,"column":15}},"9":{"start":{"line":35,"column":4},"end":{"line":64,"column":5}},"10":{"start":{"line":36,"column":19},"end":{"line":40,"column":8}},"11":{"start":{"line":42,"column":6},"end":{"line":60,"column":7}},"12":{"start":{"line":43,"column":8},"end":{"line":46,"column":9}},"13":{"start":{"line":48,"column":8},"end":{"line":59,"column":9}},"14":{"start":{"line":49,"column":10},"end":{"line":52,"column":11}},"15":{"start":{"line":54,"column":10},"end":{"line":58,"column":12}},"16":{"start":{"line":63,"column":6},"end":{"line":63,"column":15}},"17":{"start":{"line":68,"column":4},"end":{"line":80,"column":5}},"18":{"start":{"line":69,"column":6},"end":{"line":74,"column":8}},"19":{"start":{"line":75,"column":6},"end":{"line":77,"column":8}},"20":{"start":{"line":79,"column":6},"end":{"line":79,"column":15}},"21":{"start":{"line":84,"column":4},"end":{"line":115,"column":5}},"22":{"start":{"line":85,"column":19},"end":{"line":89,"column":8}},"23":{"start":{"line":91,"column":6},"end":{"line":112,"column":7}},"24":{"start":{"line":92,"column":8},"end":{"line":95,"column":9}},"25":{"start":{"line":97,"column":8},"end":{"line":111,"column":9}},"26":{"start":{"line":98,"column":10},"end":{"line":101,"column":11}},"27":{"start":{"line":103,"column":10},"end":{"line":107,"column":12}},"28":{"start":{"line":108,"column":10},"end":{"line":110,"column":12}},"29":{"start":{"line":114,"column":6},"end":{"line":114,"column":15}},"30":{"start":{"line":119,"column":0},"end":{"line":119,"column":31}}},"fnMap":{"0":{"name":"(anonymous_0)","decl":{"start":{"line":4,"column":2},"end":{"line":4,"column":3}},"loc":{"start":{"line":4,"column":38},"end":{"line":18,"column":3}},"line":4},"1":{"name":"(anonymous_1)","decl":{"start":{"line":20,"column":2},"end":{"line":20,"column":3}},"loc":{"start":{"line":20,"column":30},"end":{"line":32,"column":3}},"line":20},"2":{"name":"(anonymous_2)","decl":{"start":{"line":34,"column":2},"end":{"line":34,"column":3}},"loc":{"start":{"line":34,"column":39},"end":{"line":65,"column":3}},"line":34},"3":{"name":"(anonymous_3)","decl":{"start":{"line":67,"column":2},"end":{"line":67,"column":3}},"loc":{"start":{"line":67,"column":42},"end":{"line":81,"column":3}},"line":67},"4":{"name":"(anonymous_4)","decl":{"start":{"line":83,"column":2},"end":{"line":83,"column":3}},"loc":{"start":{"line":83,"column":38},"end":{"line":116,"column":3}},"line":83}},"branchMap":{"0":{"loc":{"start":{"line":42,"column":6},"end":{"line":60,"column":7}},"type":"if","locations":[{"start":{"line":42,"column":6},"end":{"line":60,"column":7}},{"start":{"line":47,"column":13},"end":{"line":60,"column":7}}],"line":42},"1":{"loc":{"start":{"line":48,"column":8},"end":{"line":59,"column":9}},"type":"if","locations":[{"start":{"line":48,"column":8},"end":{"line":59,"column":9}},{"start":{"line":53,"column":15},"end":{"line":59,"column":9}}],"line":48},"2":{"loc":{"start":{"line":91,"column":6},"end":{"line":112,"column":7}},"type":"if","locations":[{"start":{"line":91,"column":6},"end":{"line":112,"column":7}},{"start":{"line":96,"column":13},"end":{"line":112,"column":7}}],"line":91},"3":{"loc":{"start":{"line":97,"column":8},"end":{"line":111,"column":9}},"type":"if","locations":[{"start":{"line":97,"column":8},"end":{"line":111,"column":9}},{"start":{"line":102,"column":15},"end":{"line":111,"column":9}}],"line":97}},"s":{"0":2,"1":1,"2":1,"3":1,"4":0,"5":1,"6":1,"7":1,"8":0,"9":3,"10":3,"11":3,"12":1,"13":2,"14":1,"15":1,"16":2,"17":1,"18":1,"19":1,"20":0,"21":2,"22":2,"23":2,"24":0,"25":2,"26":1,"27":1,"28":1,"29":1,"30":2},"f":{"0":1,"1":1,"2":3,"3":1,"4":2},"b":{"0":[1,2],"1":[1,1],"2":[0,2],"3":[1,1]},"_coverageSchema":"1a1c01bbd47fc00a2c39e90264f33305004495a9","hash":"d36cf914bd90bc22f2826e96cd76c6ce9762d925"}
,"E:\\KULIAH\\Magang MBKM\\todo\\models\\index.js": {"path":"E:\\KULIAH\\Magang MBKM\\todo\\models\\index.js","statementMap":{"0":{"start":{"line":3,"column":11},"end":{"line":3,"column":24}},"1":{"start":{"line":4,"column":13},"end":{"line":4,"column":28}},"2":{"start":{"line":5,"column":18},"end":{"line":5,"column":38}},"3":{"start":{"line":6,"column":17},"end":{"line":6,"column":42}},"4":{"start":{"line":7,"column":12},"end":{"line":7,"column":49}},"5":{"start":{"line":8,"column":15},"end":{"line":8,"column":63}},"6":{"start":{"line":9,"column":11},"end":{"line":9,"column":13}},"7":{"start":{"line":12,"column":0},"end":{"line":16,"column":1}},"8":{"start":{"line":13,"column":2},"end":{"line":13,"column":74}},"9":{"start":{"line":15,"column":2},"end":{"line":15,"column":87}},"10":{"start":{"line":18,"column":0},"end":{"line":26,"column":5}},"11":{"start":{"line":21,"column":4},"end":{"line":21,"column":90}},"12":{"start":{"line":24,"column":18},"end":{"line":24,"column":85}},"13":{"start":{"line":25,"column":4},"end":{"line":25,"column":27}},"14":{"start":{"line":28,"column":0},"end":{"line":32,"column":3}},"15":{"start":{"line":29,"column":2},"end":{"line":31,"column":3}},"16":{"start":{"line":30,"column":4},"end":{"line":30,"column":32}},"17":{"start":{"line":34,"column":0},"end":{"line":34,"column":25}},"18":{"start":{"line":35,"column":0},"end":{"line":35,"column":25}},"19":{"start":{"line":37,"column":0},"end":{"line":37,"column":20}}},"fnMap":{"0":{"name":"(anonymous_0)","decl":{"start":{"line":20,"column":10},"end":{"line":20,"column":11}},"loc":{"start":{"line":20,"column":18},"end":{"line":22,"column":3}},"line":20},"1":{"name":"(anonymous_1)","decl":{"start":{"line":23,"column":11},"end":{"line":23,"column":12}},"loc":{"start":{"line":23,"column":19},"end":{"line":26,"column":3}},"line":23},"2":{"name":"(anonymous_2)","decl":{"start":{"line":28,"column":24},"end":{"line":28,"column":25}},"loc":{"start":{"line":28,"column":37},"end":{"line":32,"column":1}},"line":28}},"branchMap":{"0":{"loc":{"start":{"line":7,"column":12},"end":{"line":7,"column":49}},"type":"binary-expr","locations":[{"start":{"line":7,"column":12},"end":{"line":7,"column":32}},{"start":{"line":7,"column":36},"end":{"line":7,"column":49}}],"line":7},"1":{"loc":{"start":{"line":12,"column":0},"end":{"line":16,"column":1}},"type":"if","locations":[{"start":{"line":12,"column":0},"end":{"line":16,"column":1}},{"start":{"line":14,"column":7},"end":{"line":16,"column":1}}],"line":12},"2":{"loc":{"start":{"line":21,"column":11},"end":{"line":21,"column":89}},"type":"binary-expr","locations":[{"start":{"line":21,"column":12},"end":{"line":21,"column":35}},{"start":{"line":21,"column":41},"end":{"line":21,"column":58}},{"start":{"line":21,"column":64},"end":{"line":21,"column":88}}],"line":21},"3":{"loc":{"start":{"line":29,"column":2},"end":{"line":31,"column":3}},"type":"if","locations":[{"start":{"line":29,"column":2},"end":{"line":31,"column":3}},{"start":{},"end":{}}],"line":29}},"s":{"0":2,"1":2,"2":2,"3":2,"4":2,"5":2,"6":2,"7":2,"8":0,"9":2,"10":2,"11":6,"12":4,"13":4,"14":2,"15":4,"16":4,"17":2,"18":2,"19":2},"f":{"0":6,"1":4,"2":4},"b":{"0":[2,0],"1":[0,2],"2":[6,6,4],"3":[4,0]},"_coverageSchema":"1a1c01bbd47fc00a2c39e90264f33305004495a9","hash":"d1f2df9d7ae5ac718bfe112050a6e084e5aa747b"}
,"E:\\KULIAH\\Magang MBKM\\todo\\models\\todo.js": {"path":"E:\\KULIAH\\Magang MBKM\\todo\\models\\todo.js","statementMap":{"0":{"start":{"line":4,"column":4},"end":{"line":4,"column":24}},"1":{"start":{"line":5,"column":0},"end":{"line":26,"column":2}},"2":{"start":{"line":16,"column":2},"end":{"line":24,"column":5}},"3":{"start":{"line":25,"column":2},"end":{"line":25,"column":14}}},"fnMap":{"0":{"name":"(anonymous_0)","decl":{"start":{"line":5,"column":17},"end":{"line":5,"column":18}},"loc":{"start":{"line":5,"column":43},"end":{"line":26,"column":1}},"line":5},"1":{"name":"(anonymous_1)","decl":{"start":{"line":12,"column":4},"end":{"line":12,"column":5}},"loc":{"start":{"line":12,"column":29},"end":{"line":14,"column":5}},"line":12}},"branchMap":{},"s":{"0":2,"1":2,"2":2,"3":2},"f":{"0":2,"1":2},"b":{},"_coverageSchema":"1a1c01bbd47fc00a2c39e90264f33305004495a9","hash":"67cb4688b72116d639332462504225031e792cdb"}
,"E:\\KULIAH\\Magang MBKM\\todo\\models\\user.js": {"path":"E:\\KULIAH\\Magang MBKM\\todo\\models\\user.js","statementMap":{"0":{"start":{"line":4,"column":4},"end":{"line":4,"column":24}},"1":{"start":{"line":5,"column":0},"end":{"line":24,"column":2}},"2":{"start":{"line":16,"column":2},"end":{"line":22,"column":5}},"3":{"start":{"line":23,"column":2},"end":{"line":23,"column":14}}},"fnMap":{"0":{"name":"(anonymous_0)","decl":{"start":{"line":5,"column":17},"end":{"line":5,"column":18}},"loc":{"start":{"line":5,"column":43},"end":{"line":24,"column":1}},"line":5},"1":{"name":"(anonymous_1)","decl":{"start":{"line":12,"column":4},"end":{"line":12,"column":5}},"loc":{"start":{"line":12,"column":29},"end":{"line":14,"column":5}},"line":12}},"branchMap":{},"s":{"0":2,"1":2,"2":2,"3":2},"f":{"0":2,"1":2},"b":{},"_coverageSchema":"1a1c01bbd47fc00a2c39e90264f33305004495a9","hash":"c1ad9394d4fc2f52047c0c34552e80bb2f68f56d"}
,"E:\\KULIAH\\Magang MBKM\\todo\\routes\\auth.route.js": {"path":"E:\\KULIAH\\Magang MBKM\\todo\\routes\\auth.route.js","statementMap":{"0":{"start":{"line":1,"column":16},"end":{"line":1,"column":34}},"1":{"start":{"line":2,"column":15},"end":{"line":2,"column":31}},"2":{"start":{"line":3,"column":23},"end":{"line":3,"column":64}},"3":{"start":{"line":5,"column":0},"end":{"line":5,"column":43}},"4":{"start":{"line":6,"column":0},"end":{"line":6,"column":49}},"5":{"start":{"line":7,"column":0},"end":{"line":7,"column":43}},"6":{"start":{"line":8,"column":0},"end":{"line":8,"column":47}},"7":{"start":{"line":9,"column":0},"end":{"line":9,"column":23}}},"fnMap":{},"branchMap":{},"s":{"0":2,"1":2,"2":2,"3":2,"4":2,"5":2,"6":2,"7":2},"f":{},"b":{},"_coverageSchema":"1a1c01bbd47fc00a2c39e90264f33305004495a9","hash":"01442dd3479c99903f70435dcab36f3eeeb0fad7"}
,"E:\\KULIAH\\Magang MBKM\\todo\\routes\\index.route.js": {"path":"E:\\KULIAH\\Magang MBKM\\todo\\routes\\index.route.js","statementMap":{"0":{"start":{"line":1,"column":16},"end":{"line":1,"column":34}},"1":{"start":{"line":2,"column":15},"end":{"line":2,"column":31}},"2":{"start":{"line":3,"column":19},"end":{"line":3,"column":42}},"3":{"start":{"line":4,"column":19},"end":{"line":4,"column":42}},"4":{"start":{"line":6,"column":0},"end":{"line":6,"column":31}},"5":{"start":{"line":7,"column":0},"end":{"line":7,"column":32}},"6":{"start":{"line":9,"column":0},"end":{"line":9,"column":23}}},"fnMap":{},"branchMap":{},"s":{"0":2,"1":2,"2":2,"3":2,"4":2,"5":2,"6":2},"f":{},"b":{},"_coverageSchema":"1a1c01bbd47fc00a2c39e90264f33305004495a9","hash":"305f6be026c9c5c99017e0493829e0f84110de5b"}
,"E:\\KULIAH\\Magang MBKM\\todo\\routes\\todo.route.js": {"path":"E:\\KULIAH\\Magang MBKM\\todo\\routes\\todo.route.js","statementMap":{"0":{"start":{"line":1,"column":16},"end":{"line":1,"column":34}},"1":{"start":{"line":2,"column":15},"end":{"line":2,"column":31}},"2":{"start":{"line":3,"column":12},"end":{"line":3,"column":35}},"3":{"start":{"line":4,"column":23},"end":{"line":4,"column":64}},"4":{"start":{"line":6,"column":0},"end":{"line":46,"column":1}},"5":{"start":{"line":8,"column":2},"end":{"line":28,"column":3}},"6":{"start":{"line":9,"column":4},"end":{"line":25,"column":5}},"7":{"start":{"line":10,"column":6},"end":{"line":13,"column":7}},"8":{"start":{"line":15,"column":19},"end":{"line":15,"column":56}},"9":{"start":{"line":16,"column":6},"end":{"line":24,"column":7}},"10":{"start":{"line":17,"column":8},"end":{"line":17,"column":23}},"11":{"start":{"line":18,"column":8},"end":{"line":18,"column":14}},"12":{"start":{"line":20,"column":8},"end":{"line":23,"column":9}},"13":{"start":{"line":27,"column":4},"end":{"line":27,"column":13}},"14":{"start":{"line":31,"column":17},"end":{"line":31,"column":19}},"15":{"start":{"line":32,"column":2},"end":{"line":34,"column":3}},"16":{"start":{"line":33,"column":4},"end":{"line":33,"column":56}},"17":{"start":{"line":36,"column":2},"end":{"line":43,"column":3}},"18":{"start":{"line":37,"column":4},"end":{"line":40,"column":6}},"19":{"start":{"line":42,"column":4},"end":{"line":42,"column":10}},"20":{"start":{"line":48,"column":0},"end":{"line":73,"column":1}},"21":{"start":{"line":50,"column":2},"end":{"line":70,"column":3}},"22":{"start":{"line":51,"column":4},"end":{"line":67,"column":5}},"23":{"start":{"line":52,"column":6},"end":{"line":55,"column":7}},"24":{"start":{"line":57,"column":19},"end":{"line":57,"column":56}},"25":{"start":{"line":58,"column":6},"end":{"line":66,"column":7}},"26":{"start":{"line":59,"column":8},"end":{"line":59,"column":23}},"27":{"start":{"line":60,"column":8},"end":{"line":60,"column":14}},"28":{"start":{"line":62,"column":8},"end":{"line":65,"column":9}},"29":{"start":{"line":69,"column":4},"end":{"line":69,"column":13}},"30":{"start":{"line":75,"column":0},"end":{"line":100,"column":1}},"31":{"start":{"line":77,"column":2},"end":{"line":97,"column":3}},"32":{"start":{"line":78,"column":4},"end":{"line":94,"column":5}},"33":{"start":{"line":79,"column":6},"end":{"line":82,"column":7}},"34":{"start":{"line":84,"column":19},"end":{"line":84,"column":56}},"35":{"start":{"line":85,"column":6},"end":{"line":93,"column":7}},"36":{"start":{"line":86,"column":8},"end":{"line":86,"column":23}},"37":{"start":{"line":87,"column":8},"end":{"line":87,"column":14}},"38":{"start":{"line":89,"column":8},"end":{"line":92,"column":9}},"39":{"start":{"line":96,"column":4},"end":{"line":96,"column":13}},"40":{"start":{"line":102,"column":0},"end":{"line":127,"column":1}},"41":{"start":{"line":104,"column":2},"end":{"line":124,"column":3}},"42":{"start":{"line":105,"column":4},"end":{"line":121,"column":5}},"43":{"start":{"line":106,"column":6},"end":{"line":109,"column":7}},"44":{"start":{"line":111,"column":19},"end":{"line":111,"column":56}},"45":{"start":{"line":112,"column":6},"end":{"line":120,"column":7}},"46":{"start":{"line":113,"column":8},"end":{"line":113,"column":23}},"47":{"start":{"line":114,"column":8},"end":{"line":114,"column":14}},"48":{"start":{"line":116,"column":8},"end":{"line":119,"column":9}},"49":{"start":{"line":123,"column":4},"end":{"line":123,"column":13}},"50":{"start":{"line":129,"column":0},"end":{"line":154,"column":1}},"51":{"start":{"line":131,"column":2},"end":{"line":151,"column":3}},"52":{"start":{"line":132,"column":4},"end":{"line":148,"column":5}},"53":{"start":{"line":133,"column":6},"end":{"line":136,"column":7}},"54":{"start":{"line":138,"column":19},"end":{"line":138,"column":56}},"55":{"start":{"line":139,"column":6},"end":{"line":147,"column":7}},"56":{"start":{"line":140,"column":8},"end":{"line":140,"column":23}},"57":{"start":{"line":141,"column":8},"end":{"line":141,"column":14}},"58":{"start":{"line":143,"column":8},"end":{"line":146,"column":9}},"59":{"start":{"line":150,"column":4},"end":{"line":150,"column":13}},"60":{"start":{"line":155,"column":0},"end":{"line":155,"column":23}}},"fnMap":{"0":{"name":"(anonymous_0)","decl":{"start":{"line":7,"column":0},"end":{"line":7,"column":1}},"loc":{"start":{"line":7,"column":20},"end":{"line":29,"column":1}},"line":7},"1":{"name":"(anonymous_1)","decl":{"start":{"line":30,"column":0},"end":{"line":30,"column":1}},"loc":{"start":{"line":30,"column":20},"end":{"line":44,"column":1}},"line":30},"2":{"name":"(anonymous_2)","decl":{"start":{"line":49,"column":0},"end":{"line":49,"column":1}},"loc":{"start":{"line":49,"column":20},"end":{"line":71,"column":1}},"line":49},"3":{"name":"(anonymous_3)","decl":{"start":{"line":76,"column":0},"end":{"line":76,"column":1}},"loc":{"start":{"line":76,"column":20},"end":{"line":98,"column":1}},"line":76},"4":{"name":"(anonymous_4)","decl":{"start":{"line":103,"column":0},"end":{"line":103,"column":1}},"loc":{"start":{"line":103,"column":20},"end":{"line":125,"column":1}},"line":103},"5":{"name":"(anonymous_5)","decl":{"start":{"line":130,"column":0},"end":{"line":130,"column":1}},"loc":{"start":{"line":130,"column":20},"end":{"line":152,"column":1}},"line":130}},"branchMap":{"0":{"loc":{"start":{"line":9,"column":4},"end":{"line":25,"column":5}},"type":"if","locations":[{"start":{"line":9,"column":4},"end":{"line":25,"column":5}},{"start":{"line":14,"column":11},"end":{"line":25,"column":5}}],"line":9},"1":{"loc":{"start":{"line":16,"column":6},"end":{"line":24,"column":7}},"type":"if","locations":[{"start":{"line":16,"column":6},"end":{"line":24,"column":7}},{"start":{"line":19,"column":13},"end":{"line":24,"column":7}}],"line":16},"2":{"loc":{"start":{"line":32,"column":2},"end":{"line":34,"column":3}},"type":"if","locations":[{"start":{"line":32,"column":2},"end":{"line":34,"column":3}},{"start":{},"end":{}}],"line":32},"3":{"loc":{"start":{"line":36,"column":2},"end":{"line":43,"column":3}},"type":"if","locations":[{"start":{"line":36,"column":2},"end":{"line":43,"column":3}},{"start":{"line":41,"column":9},"end":{"line":43,"column":3}}],"line":36},"4":{"loc":{"start":{"line":51,"column":4},"end":{"line":67,"column":5}},"type":"if","locations":[{"start":{"line":51,"column":4},"end":{"line":67,"column":5}},{"start":{"line":56,"column":11},"end":{"line":67,"column":5}}],"line":51},"5":{"loc":{"start":{"line":58,"column":6},"end":{"line":66,"column":7}},"type":"if","locations":[{"start":{"line":58,"column":6},"end":{"line":66,"column":7}},{"start":{"line":61,"column":13},"end":{"line":66,"column":7}}],"line":58},"6":{"loc":{"start":{"line":78,"column":4},"end":{"line":94,"column":5}},"type":"if","locations":[{"start":{"line":78,"column":4},"end":{"line":94,"column":5}},{"start":{"line":83,"column":11},"end":{"line":94,"column":5}}],"line":78},"7":{"loc":{"start":{"line":85,"column":6},"end":{"line":93,"column":7}},"type":"if","locations":[{"start":{"line":85,"column":6},"end":{"line":93,"column":7}},{"start":{"line":88,"column":13},"end":{"line":93,"column":7}}],"line":85},"8":{"loc":{"start":{"line":105,"column":4},"end":{"line":121,"column":5}},"type":"if","locations":[{"start":{"line":105,"column":4},"end":{"line":121,"column":5}},{"start":{"line":110,"column":11},"end":{"line":121,"column":5}}],"line":105},"9":{"loc":{"start":{"line":112,"column":6},"end":{"line":120,"column":7}},"type":"if","locations":[{"start":{"line":112,"column":6},"end":{"line":120,"column":7}},{"start":{"line":115,"column":13},"end":{"line":120,"column":7}}],"line":112},"10":{"loc":{"start":{"line":132,"column":4},"end":{"line":148,"column":5}},"type":"if","locations":[{"start":{"line":132,"column":4},"end":{"line":148,"column":5}},{"start":{"line":137,"column":11},"end":{"line":148,"column":5}}],"line":132},"11":{"loc":{"start":{"line":139,"column":6},"end":{"line":147,"column":7}},"type":"if","locations":[{"start":{"line":139,"column":6},"end":{"line":147,"column":7}},{"start":{"line":142,"column":13},"end":{"line":147,"column":7}}],"line":139}},"s":{"0":2,"1":2,"2":2,"3":2,"4":2,"5":4,"6":4,"7":1,"8":3,"9":3,"10":2,"11":2,"12":1,"13":2,"14":2,"15":2,"16":1,"17":2,"18":1,"19":1,"20":2,"21":3,"22":3,"23":1,"24":2,"25":2,"26":1,"27":1,"28":1,"29":2,"30":2,"31":5,"32":5,"33":1,"34":4,"35":4,"36":3,"37":3,"38":1,"39":2,"40":2,"41":3,"42":3,"43":1,"44":2,"45":2,"46":1,"47":1,"48":1,"49":2,"50":2,"51":4,"52":4,"53":1,"54":3,"55":3,"56":2,"57":2,"58":1,"59":2,"60":2},"f":{"0":4,"1":2,"2":3,"3":5,"4":3,"5":4},"b":{"0":[1,3],"1":[2,1],"2":[1,1],"3":[1,1],"4":[1,2],"5":[1,1],"6":[1,4],"7":[3,1],"8":[1,2],"9":[1,1],"10":[1,3],"11":[2,1]},"_coverageSchema":"1a1c01bbd47fc00a2c39e90264f33305004495a9","hash":"c79f9065e15d82206ed3f9e7f70e1489cec12e93"}
}
