TN:
SF:app.js
FNF:0
FNH:0
DA:1,2
DA:2,2
DA:3,2
DA:4,2
DA:5,2
DA:7,2
DA:10,2
DA:12,2
DA:13,2
DA:19,2
LF:10
LH:10
BRF:0
BRH:0
end_of_record
TN:
SF:errorHandler.js
FN:1,(anonymous_0)
FNF:1
FNH:1
FNDA:17,(anonymous_0)
DA:1,2
DA:2,17
DA:3,17
DA:7,0
DA:10,0
LF:5
LH:3
BRDA:2,0,0,17
BRDA:2,0,1,0
BRF:2
BRH:1
end_of_record
TN:
SF:config\config.js
FNF:0
FNH:0
DA:1,2
LF:1
LH:1
BRF:0
BRH:0
end_of_record
TN:
SF:controllers\auth.controller.js
FN:8,(anonymous_0)
FN:41,(anonymous_1)
FN:70,(anonymous_2)
FN:102,(anonymous_3)
FNF:4
FNH:4
FNDA:3,(anonymous_0)
FNDA:2,(anonymous_1)
FNDA:2,(anonymous_2)
FNDA:1,(anonymous_3)
DA:3,2
DA:4,2
DA:5,2
DA:9,3
DA:10,3
DA:16,3
DA:17,2
DA:22,1
DA:23,1
DA:28,1
DA:32,0
DA:38,2
DA:42,2
DA:43,2
DA:44,2
DA:46,2
DA:52,2
DA:53,1
DA:59,1
DA:63,1
DA:67,1
DA:71,2
DA:72,2
DA:73,2
DA:75,2
DA:80,2
DA:81,1
DA:86,1
DA:93,1
DA:99,0
DA:103,1
DA:104,1
DA:109,1
DA:110,0
DA:115,1
DA:120,1
DA:125,0
DA:130,2
LF:38
LH:34
BRDA:16,0,0,2
BRDA:16,0,1,1
BRDA:22,1,0,1
BRDA:22,1,1,0
BRDA:52,2,0,1
BRDA:52,2,1,1
BRDA:80,3,0,1
BRDA:80,3,1,1
BRDA:109,4,0,0
BRDA:109,4,1,1
BRF:10
BRH:8
end_of_record
TN:
SF:controllers\todo.controller.js
FN:4,(anonymous_0)
FN:20,(anonymous_1)
FN:34,(anonymous_2)
FN:67,(anonymous_3)
FN:83,(anonymous_4)
FNF:5
FNH:5
FNDA:1,(anonymous_0)
FNDA:1,(anonymous_1)
FNDA:3,(anonymous_2)
FNDA:1,(anonymous_3)
FNDA:2,(anonymous_4)
DA:1,2
DA:5,1
DA:6,1
DA:12,1
DA:16,0
DA:21,1
DA:22,1
DA:28,1
DA:30,0
DA:35,3
DA:36,3
DA:42,3
DA:43,1
DA:48,2
DA:49,1
DA:54,1
DA:63,2
DA:68,1
DA:69,1
DA:75,1
DA:79,0
DA:84,2
DA:85,2
DA:91,2
DA:92,0
DA:97,2
DA:98,1
DA:103,1
DA:108,1
DA:114,1
DA:119,2
LF:31
LH:27
BRDA:42,0,0,1
BRDA:42,0,1,2
BRDA:48,1,0,1
BRDA:48,1,1,1
BRDA:91,2,0,0
BRDA:91,2,1,2
BRDA:97,3,0,1
BRDA:97,3,1,1
BRF:8
BRH:7
end_of_record
TN:
SF:models\index.js
FN:20,(anonymous_0)
FN:23,(anonymous_1)
FN:28,(anonymous_2)
FNF:3
FNH:3
FNDA:6,(anonymous_0)
FNDA:4,(anonymous_1)
FNDA:4,(anonymous_2)
DA:3,2
DA:4,2
DA:5,2
DA:6,2
DA:7,2
DA:8,2
DA:9,2
DA:12,2
DA:13,0
DA:15,2
DA:18,2
DA:21,6
DA:24,4
DA:25,4
DA:28,2
DA:29,4
DA:30,4
DA:34,2
DA:35,2
DA:37,2
LF:20
LH:19
BRDA:7,0,0,2
BRDA:7,0,1,0
BRDA:12,1,0,0
BRDA:12,1,1,2
BRDA:21,2,0,6
BRDA:21,2,1,6
BRDA:21,2,2,4
BRDA:29,3,0,4
BRDA:29,3,1,0
BRF:9
BRH:6
end_of_record
TN:
SF:models\todo.js
FN:5,(anonymous_0)
FN:12,(anonymous_1)
FNF:2
FNH:2
FNDA:2,(anonymous_0)
FNDA:2,(anonymous_1)
DA:4,2
DA:5,2
DA:16,2
DA:25,2
LF:4
LH:4
BRF:0
BRH:0
end_of_record
TN:
SF:models\user.js
FN:5,(anonymous_0)
FN:12,(anonymous_1)
FNF:2
FNH:2
FNDA:2,(anonymous_0)
FNDA:2,(anonymous_1)
DA:4,2
DA:5,2
DA:16,2
DA:23,2
LF:4
LH:4
BRF:0
BRH:0
end_of_record
TN:
SF:routes\auth.route.js
FNF:0
FNH:0
DA:1,2
DA:2,2
DA:3,2
DA:5,2
DA:6,2
DA:7,2
DA:8,2
DA:9,2
LF:8
LH:8
BRF:0
BRH:0
end_of_record
TN:
SF:routes\index.route.js
FNF:0
FNH:0
DA:1,2
DA:2,2
DA:3,2
DA:4,2
DA:6,2
DA:7,2
DA:9,2
LF:7
LH:7
BRF:0
BRH:0
end_of_record
TN:
SF:routes\todo.route.js
FN:7,(anonymous_0)
FN:30,(anonymous_1)
FN:49,(anonymous_2)
FN:76,(anonymous_3)
FN:103,(anonymous_4)
FN:130,(anonymous_5)
FNF:6
FNH:6
FNDA:4,(anonymous_0)
FNDA:2,(anonymous_1)
FNDA:3,(anonymous_2)
FNDA:5,(anonymous_3)
FNDA:3,(anonymous_4)
FNDA:4,(anonymous_5)
DA:1,2
DA:2,2
DA:3,2
DA:4,2
DA:6,2
DA:8,4
DA:9,4
DA:10,1
DA:15,3
DA:16,3
DA:17,2
DA:18,2
DA:20,1
DA:27,2
DA:31,2
DA:32,2
DA:33,1
DA:36,2
DA:37,1
DA:42,1
DA:48,2
DA:50,3
DA:51,3
DA:52,1
DA:57,2
DA:58,2
DA:59,1
DA:60,1
DA:62,1
DA:69,2
DA:75,2
DA:77,5
DA:78,5
DA:79,1
DA:84,4
DA:85,4
DA:86,3
DA:87,3
DA:89,1
DA:96,2
DA:102,2
DA:104,3
DA:105,3
DA:106,1
DA:111,2
DA:112,2
DA:113,1
DA:114,1
DA:116,1
DA:123,2
DA:129,2
DA:131,4
DA:132,4
DA:133,1
DA:138,3
DA:139,3
DA:140,2
DA:141,2
DA:143,1
DA:150,2
DA:155,2
LF:61
LH:61
BRDA:9,0,0,1
BRDA:9,0,1,3
BRDA:16,1,0,2
BRDA:16,1,1,1
BRDA:32,2,0,1
BRDA:32,2,1,1
BRDA:36,3,0,1
BRDA:36,3,1,1
BRDA:51,4,0,1
BRDA:51,4,1,2
BRDA:58,5,0,1
BRDA:58,5,1,1
BRDA:78,6,0,1
BRDA:78,6,1,4
BRDA:85,7,0,3
BRDA:85,7,1,1
BRDA:105,8,0,1
BRDA:105,8,1,2
BRDA:112,9,0,1
BRDA:112,9,1,1
BRDA:132,10,0,1
BRDA:132,10,1,3
BRDA:139,11,0,2
BRDA:139,11,1,1
BRF:24
BRH:24
end_of_record
